Determining if the pthread_create exist failed with the following output:
Change Dir: /home/eh420/catkin_ws_opencv_version/build/catkin_tools_prebuild/CMakeFiles/CMakeTmp

Run Build Command:"/usr/bin/make" "cmTC_9692e/fast"
/usr/bin/make -f CMakeFiles/cmTC_9692e.dir/build.make CMakeFiles/cmTC_9692e.dir/build
make[1]: Entering directory '/home/eh420/catkin_ws_opencv_version/build/catkin_tools_prebuild/CMakeFiles/CMakeTmp'
Building C object CMakeFiles/cmTC_9692e.dir/CheckSymbolExists.c.o
/usr/lib/ccache/cc     -o CMakeFiles/cmTC_9692e.dir/CheckSymbolExists.c.o   -c /home/eh420/catkin_ws_opencv_version/build/catkin_tools_prebuild/CMakeFiles/CMakeTmp/CheckSymbolExists.c
Linking C executable cmTC_9692e
/usr/bin/cmake -E cmake_link_script CMakeFiles/cmTC_9692e.dir/link.txt --verbose=1
/usr/lib/ccache/cc       CMakeFiles/cmTC_9692e.dir/CheckSymbolExists.c.o  -o cmTC_9692e -rdynamic 
CMakeFiles/cmTC_9692e.dir/CheckSymbolExists.c.o: In function `main':
CheckSymbolExists.c:(.text+0x16): undefined reference to `pthread_create'
collect2: error: ld returned 1 exit status
CMakeFiles/cmTC_9692e.dir/build.make:97: recipe for target 'cmTC_9692e' failed
make[1]: *** [cmTC_9692e] Error 1
make[1]: Leaving directory '/home/eh420/catkin_ws_opencv_version/build/catkin_tools_prebuild/CMakeFiles/CMakeTmp'
Makefile:126: recipe for target 'cmTC_9692e/fast' failed
make: *** [cmTC_9692e/fast] Error 2

File /home/eh420/catkin_ws_opencv_version/build/catkin_tools_prebuild/CMakeFiles/CMakeTmp/CheckSymbolExists.c:
/* */
#include <pthread.h>

int main(int argc, char** argv)
{
  (void)argv;
#ifndef pthread_create
  return ((int*)(&pthread_create))[argc];
#else
  (void)argc;
  return 0;
#endif
}

Determining if the function pthread_create exists in the pthreads failed with the following output:
Change Dir: /home/eh420/catkin_ws_opencv_version/build/catkin_tools_prebuild/CMakeFiles/CMakeTmp

Run Build Command:"/usr/bin/make" "cmTC_ed76e/fast"
/usr/bin/make -f CMakeFiles/cmTC_ed76e.dir/build.make CMakeFiles/cmTC_ed76e.dir/build
make[1]: Entering directory '/home/eh420/catkin_ws_opencv_version/build/catkin_tools_prebuild/CMakeFiles/CMakeTmp'
Building C object CMakeFiles/cmTC_ed76e.dir/CheckFunctionExists.c.o
/usr/lib/ccache/cc    -DCHECK_FUNCTION_EXISTS=pthread_create   -o CMakeFiles/cmTC_ed76e.dir/CheckFunctionExists.c.o   -c /usr/share/cmake-3.5/Modules/CheckFunctionExists.c
Linking C executable cmTC_ed76e
/usr/bin/cmake -E cmake_link_script CMakeFiles/cmTC_ed76e.dir/link.txt --verbose=1
/usr/lib/ccache/cc   -DCHECK_FUNCTION_EXISTS=pthread_create    CMakeFiles/cmTC_ed76e.dir/CheckFunctionExists.c.o  -o cmTC_ed76e -rdynamic -lpthreads 
/usr/bin/ld: cannot find -lpthreads
collect2: error: ld returned 1 exit status
CMakeFiles/cmTC_ed76e.dir/build.make:97: recipe for target 'cmTC_ed76e' failed
make[1]: *** [cmTC_ed76e] Error 1
make[1]: Leaving directory '/home/eh420/catkin_ws_opencv_version/build/catkin_tools_prebuild/CMakeFiles/CMakeTmp'
Makefile:126: recipe for target 'cmTC_ed76e/fast' failed
make: *** [cmTC_ed76e/fast] Error 2


